2019-10-21 14:06:32.749 The BBS MenuRetroAcademy is running: port = 6400, timeout = 3600000 millis
2019-10-21 14:06:49.321 Client #1. New connection at Socket[addr=/208.79.61.232,port=63274,localport=6400]
2019-10-21 14:06:49.531 Client #1. Error retrieving GeoIP data: java.io.FileNotFoundException
2019-10-21 14:06:49.531 Client #1. Starting MenuRetroAcademy BBS / main menu
2019-10-21 14:06:49.537 Client #1. Menu. Waiting for key pressed.
2019-10-21 14:06:59.131 Client #1. Menu. Pressed: 'm' (code=109)
2019-10-21 14:07:13.709 Client #1. Starting MenuRetroAcademy BBS / main menu
2019-10-21 14:07:13.712 Client #1. Menu. Waiting for key pressed.
2019-10-21 14:07:14.586 Client #1. Menu. Pressed: '.' (code=46)
2019-10-21 14:07:14.588 Client #1. STOP. Connection CLOSED.
2019-10-21 14:53:16.878 Client #2. New connection at Socket[addr=/208.79.61.232,port=64838,localport=6400]
2019-10-21 14:53:17.100 Client #2. Error retrieving GeoIP data: java.io.FileNotFoundException
2019-10-21 14:53:17.100 Client #2. Starting MenuRetroAcademy BBS / main menu
2019-10-21 14:53:17.104 Client #2. Menu. Waiting for key pressed.
2019-10-21 14:53:21.483 Client #2. Menu. Pressed: '1' (code=49)
2019-10-21 14:53:21.498 Client #2. Wordpress entering (https://www.wired.com)
2019-10-21 14:53:23.592 Client #2. Wordpress waiting for input
2019-10-21 14:53:28.638 Client #2. Starting MenuRetroAcademy BBS / main menu
2019-10-21 14:53:28.642 Client #2. Menu. Waiting for key pressed.
2019-10-21 14:53:39.644 Client #2. Menu. Pressed: '7' (code=55)
2019-10-21 14:53:39.645 Client #2. Wordpress entering (https://www.open.online)
Unauthorized
2019-10-21 14:53:40.235 Client #2. NullPointerException during launching of OpenOnline within MenuRetroAcademy. Launch interrupted. Stack trace:
java.lang.NullPointerException
	at eu.sblendorio.bbs.tenants.WordpressProxy.getPosts(WordpressProxy.java:166)
	at eu.sblendorio.bbs.tenants.WordpressProxy.listPosts(WordpressProxy.java:185)
	at eu.sblendorio.bbs.tenants.WordpressProxy.doLoop(WordpressProxy.java:70)
	at eu.sblendorio.bbs.core.PetsciiThread.launch(PetsciiThread.java:146)
	at eu.sblendorio.bbs.tenants.MenuRetroAcademy.doLoop(MenuRetroAcademy.java:125)
	at eu.sblendorio.bbs.core.PetsciiThread.run(PetsciiThread.java:120)
2019-10-21 14:53:40.241 Client #2. Starting MenuRetroAcademy BBS / main menu
2019-10-21 14:53:40.244 Client #2. Menu. Waiting for key pressed.
Flushing input buffer: '\r\n1', len = 3
2019-10-21 14:53:41.555 Client #2. Menu. Pressed: '7' (code=55)
2019-10-21 14:53:41.555 Client #2. Wordpress entering (https://www.open.online)
Unauthorized
2019-10-21 14:53:42.090 Client #2. NullPointerException during launching of OpenOnline within MenuRetroAcademy. Launch interrupted. Stack trace:
java.lang.NullPointerException
	at eu.sblendorio.bbs.tenants.WordpressProxy.getPosts(WordpressProxy.java:166)
	at eu.sblendorio.bbs.tenants.WordpressProxy.listPosts(WordpressProxy.java:185)
	at eu.sblendorio.bbs.tenants.WordpressProxy.doLoop(WordpressProxy.java:70)
	at eu.sblendorio.bbs.core.PetsciiThread.launch(PetsciiThread.java:146)
	at eu.sblendorio.bbs.tenants.MenuRetroAcademy.doLoop(MenuRetroAcademy.java:125)
	at eu.sblendorio.bbs.core.PetsciiThread.run(PetsciiThread.java:120)
2019-10-21 14:53:42.090 Client #2. Starting MenuRetroAcademy BBS / main menu
2019-10-21 14:53:42.093 Client #2. Menu. Waiting for key pressed.
2019-10-21 14:53:44.379 Client #2. Menu. Pressed: '5' (code=53)
2019-10-21 14:53:44.381 Client #2. Wordpress entering (https://www.ilfattoquotidiano.it)
2019-10-21 14:53:44.533 Client #2. SSLException during launching of IlFattoQuotidiano within MenuRetroAcademy. Launch interrupted. Stack trace:
javax.net.ssl.SSLException: java.security.ProviderException: java.security.InvalidKeyException: EC parameters error
	at sun.security.ssl.Alerts.getSSLException(Alerts.java:208)
	at sun.security.ssl.SSLSocketImpl.fatal(SSLSocketImpl.java:1896)
	at sun.security.ssl.SSLSocketImpl.fatal(SSLSocketImpl.java:1854)
	at sun.security.ssl.SSLSocketImpl.handleException(SSLSocketImpl.java:1837)
	at sun.security.ssl.SSLSocketImpl.startHandshake(SSLSocketImpl.java:1358)
	at sun.security.ssl.SSLSocketImpl.startHandshake(SSLSocketImpl.java:1335)
	at sun.net.www.protocol.https.HttpsClient.afterConnect(HttpsClient.java:559)
	at sun.net.www.protocol.https.AbstractDelegateHttpsURLConnection.connect(AbstractDelegateHttpsURLConnection.java:185)
	at sun.net.www.protocol.http.HttpURLConnection.getInputStream(HttpURLConnection.java:1366)
	at java.net.HttpURLConnection.getResponseCode(HttpURLConnection.java:468)
	at sun.net.www.protocol.https.HttpsURLConnectionImpl.getResponseCode(HttpsURLConnectionImpl.java:347)
	at eu.sblendorio.bbs.core.PetsciiThread.httpGet(PetsciiThread.java:220)
	at eu.sblendorio.bbs.core.PetsciiThread.httpGetJson(PetsciiThread.java:203)
	at eu.sblendorio.bbs.core.PetsciiThread.httpGetJson(PetsciiThread.java:199)
	at eu.sblendorio.bbs.tenants.WordpressProxy.getPosts(WordpressProxy.java:165)
	at eu.sblendorio.bbs.tenants.WordpressProxy.listPosts(WordpressProxy.java:185)
	at eu.sblendorio.bbs.tenants.WordpressProxy.doLoop(WordpressProxy.java:70)
	at eu.sblendorio.bbs.core.PetsciiThread.launch(PetsciiThread.java:146)
	at eu.sblendorio.bbs.tenants.MenuRetroAcademy.doLoop(MenuRetroAcademy.java:123)
	at eu.sblendorio.bbs.core.PetsciiThread.run(PetsciiThread.java:120)
Caused by: java.security.ProviderException: java.security.InvalidKeyException: EC parameters error
	at sun.security.pkcs11.P11Key$P11ECPublicKey.getEncodedInternal(P11Key.java:1024)
	at sun.security.pkcs11.P11Key.equals(P11Key.java:158)
	at java.util.ArrayList.indexOf(ArrayList.java:303)
	at java.util.ArrayList.contains(ArrayList.java:286)
	at sun.security.validator.PKIXValidator.engineValidate(PKIXValidator.java:249)
	at sun.security.validator.Validator.validate(Validator.java:262)
	at sun.security.ssl.X509TrustManagerImpl.validate(X509TrustManagerImpl.java:326)
	at sun.security.ssl.X509TrustManagerImpl.checkTrusted(X509TrustManagerImpl.java:231)
	at sun.security.ssl.X509TrustManagerImpl.checkServerTrusted(X509TrustManagerImpl.java:126)
	at sun.security.ssl.ClientHandshaker.serverCertificate(ClientHandshaker.java:1584)
	at sun.security.ssl.ClientHandshaker.processMessage(ClientHandshaker.java:220)
	at sun.security.ssl.Handshaker.processLoop(Handshaker.java:972)
	at sun.security.ssl.Handshaker.process_record(Handshaker.java:901)
	at sun.security.ssl.SSLSocketImpl.readRecord(SSLSocketImpl.java:1025)
	at sun.security.ssl.SSLSocketImpl.performInitialHandshake(SSLSocketImpl.java:1324)
	at sun.security.ssl.SSLSocketImpl.startHandshake(SSLSocketImpl.java:1351)
	... 15 more
Caused by: java.security.InvalidKeyException: EC parameters error
	at sun.security.ec.ECParameters.getAlgorithmParameters(ECParameters.java:284)
	at sun.security.ec.ECPublicKeyImpl.<init>(ECPublicKeyImpl.java:59)
	at sun.security.pkcs11.P11Key$P11ECPublicKey.getEncodedInternal(P11Key.java:1021)
	... 30 more
Caused by: java.security.NoSuchProviderException: no such provider: SunEC
	at sun.security.jca.GetInstance.getService(GetInstance.java:83)
	at sun.security.jca.GetInstance.getInstance(GetInstance.java:206)
	at java.security.Security.getImpl(Security.java:697)
	at java.security.AlgorithmParameters.getInstance(AlgorithmParameters.java:199)
	at sun.security.ec.ECParameters.getAlgorithmParameters(ECParameters.java:279)
	... 32 more
2019-10-21 14:53:44.537 Client #2. Starting MenuRetroAcademy BBS / main menu
2019-10-21 14:53:44.540 Client #2. Menu. Waiting for key pressed.
2019-10-21 14:53:45.730 Client #2. Menu. Pressed: '4' (code=52)
2019-10-21 14:53:45.818 Client #2. Missing file /root/credentials.json on the server's filesystem
2019-10-21 14:53:45.819 Client #2. EOF eu.sblendorio.bbs.core.CbmIOException: Missing file /root/credentials.json on the server's filesystem
2019-10-21 14:53:45.822 Client #2. STOP. Connection CLOSED.
2019-10-21 15:03:11.965 The BBS MenuRetroAcademy is running: port = 6400, timeout = 3600000 millis
2019-10-21 15:03:20.915 Client #1. New connection at Socket[addr=/208.79.61.232,port=65170,localport=6400]
2019-10-21 15:03:21.123 Client #1. Error retrieving GeoIP data: java.io.FileNotFoundException
2019-10-21 15:03:21.124 Client #1. Starting MenuRetroAcademy BBS / main menu
2019-10-21 15:03:21.128 Client #1. Menu. Waiting for key pressed.
2019-10-21 15:03:29.713 Client #1. EOF eu.sblendorio.bbs.core.CbmIOException: CbmInputOutput::readKey()
2019-10-21 15:03:29.714 Client #1. STOP. Connection CLOSED.
2019-10-21 15:04:24.882 The BBS MenuRetroAcademy is running: port = 6400, timeout = 3600000 millis
2019-10-21 15:04:35.686 Client #1. New connection at Socket[addr=/208.79.61.232,port=65197,localport=6400]
2019-10-21 15:04:35.894 Client #1. Error retrieving GeoIP data: java.io.FileNotFoundException
2019-10-21 15:04:35.894 Client #1. Starting MenuRetroAcademy BBS / main menu
2019-10-21 15:04:35.897 Client #1. Menu. Waiting for key pressed.
2019-10-21 15:04:38.229 Client #1. Menu. Pressed: '.' (code=46)
2019-10-21 15:04:38.230 Client #1. STOP. Connection CLOSED.
2019-10-21 15:04:39.789 Client #2. New connection at Socket[addr=/208.79.61.232,port=65204,localport=6400]
2019-10-21 15:04:39.990 Client #2. Error retrieving GeoIP data: java.io.FileNotFoundException
2019-10-21 15:04:39.991 Client #2. Starting MenuRetroAcademy BBS / main menu
2019-10-21 15:04:39.996 Client #2. Menu. Waiting for key pressed.
2019-10-21 15:04:41.523 Client #2. Menu. Pressed: '5' (code=53)
2019-10-21 15:04:41.526 Client #2. Wordpress entering (https://www.ilfattoquotidiano.it)
2019-10-21 15:04:42.015 Client #2. SSLException during launching of IlFattoQuotidiano within MenuRetroAcademy. Launch interrupted. Stack trace:
javax.net.ssl.SSLException: java.security.ProviderException: java.security.InvalidKeyException: EC parameters error
	at sun.security.ssl.Alerts.getSSLException(Alerts.java:208)
	at sun.security.ssl.SSLSocketImpl.fatal(SSLSocketImpl.java:1896)
	at sun.security.ssl.SSLSocketImpl.fatal(SSLSocketImpl.java:1854)
	at sun.security.ssl.SSLSocketImpl.handleException(SSLSocketImpl.java:1837)
	at sun.security.ssl.SSLSocketImpl.startHandshake(SSLSocketImpl.java:1358)
	at sun.security.ssl.SSLSocketImpl.startHandshake(SSLSocketImpl.java:1335)
	at sun.net.www.protocol.https.HttpsClient.afterConnect(HttpsClient.java:559)
	at sun.net.www.protocol.https.AbstractDelegateHttpsURLConnection.connect(AbstractDelegateHttpsURLConnection.java:185)
	at sun.net.www.protocol.http.HttpURLConnection.getInputStream(HttpURLConnection.java:1366)
	at java.net.HttpURLConnection.getResponseCode(HttpURLConnection.java:468)
	at sun.net.www.protocol.https.HttpsURLConnectionImpl.getResponseCode(HttpsURLConnectionImpl.java:347)
	at eu.sblendorio.bbs.core.PetsciiThread.httpGet(PetsciiThread.java:220)
	at eu.sblendorio.bbs.core.PetsciiThread.httpGetJson(PetsciiThread.java:203)
	at eu.sblendorio.bbs.core.PetsciiThread.httpGetJson(PetsciiThread.java:199)
	at eu.sblendorio.bbs.tenants.WordpressProxy.getPosts(WordpressProxy.java:165)
	at eu.sblendorio.bbs.tenants.WordpressProxy.listPosts(WordpressProxy.java:185)
	at eu.sblendorio.bbs.tenants.WordpressProxy.doLoop(WordpressProxy.java:70)
	at eu.sblendorio.bbs.core.PetsciiThread.launch(PetsciiThread.java:146)
	at eu.sblendorio.bbs.tenants.MenuRetroAcademy.doLoop(MenuRetroAcademy.java:123)
	at eu.sblendorio.bbs.core.PetsciiThread.run(PetsciiThread.java:120)
Caused by: java.security.ProviderException: java.security.InvalidKeyException: EC parameters error
	at sun.security.pkcs11.P11Key$P11ECPublicKey.getEncodedInternal(P11Key.java:1024)
	at sun.security.pkcs11.P11Key.equals(P11Key.java:158)
	at java.util.ArrayList.indexOf(ArrayList.java:303)
	at java.util.ArrayList.contains(ArrayList.java:286)
	at sun.security.validator.PKIXValidator.engineValidate(PKIXValidator.java:249)
	at sun.security.validator.Validator.validate(Validator.java:262)
	at sun.security.ssl.X509TrustManagerImpl.validate(X509TrustManagerImpl.java:326)
	at sun.security.ssl.X509TrustManagerImpl.checkTrusted(X509TrustManagerImpl.java:231)
	at sun.security.ssl.X509TrustManagerImpl.checkServerTrusted(X509TrustManagerImpl.java:126)
	at sun.security.ssl.ClientHandshaker.serverCertificate(ClientHandshaker.java:1584)
	at sun.security.ssl.ClientHandshaker.processMessage(ClientHandshaker.java:220)
	at sun.security.ssl.Handshaker.processLoop(Handshaker.java:972)
	at sun.security.ssl.Handshaker.process_record(Handshaker.java:901)
	at sun.security.ssl.SSLSocketImpl.readRecord(SSLSocketImpl.java:1025)
	at sun.security.ssl.SSLSocketImpl.performInitialHandshake(SSLSocketImpl.java:1324)
	at sun.security.ssl.SSLSocketImpl.startHandshake(SSLSocketImpl.java:1351)
	... 15 more
Caused by: java.security.InvalidKeyException: EC parameters error
	at sun.security.ec.ECParameters.getAlgorithmParameters(ECParameters.java:284)
	at sun.security.ec.ECPublicKeyImpl.<init>(ECPublicKeyImpl.java:59)
	at sun.security.pkcs11.P11Key$P11ECPublicKey.getEncodedInternal(P11Key.java:1021)
	... 30 more
Caused by: java.security.NoSuchProviderException: no such provider: SunEC
	at sun.security.jca.GetInstance.getService(GetInstance.java:83)
	at sun.security.jca.GetInstance.getInstance(GetInstance.java:206)
	at java.security.Security.getImpl(Security.java:697)
	at java.security.AlgorithmParameters.getInstance(AlgorithmParameters.java:199)
	at sun.security.ec.ECParameters.getAlgorithmParameters(ECParameters.java:279)
	... 32 more
2019-10-21 15:04:42.017 Client #2. Starting MenuRetroAcademy BBS / main menu
2019-10-21 15:04:42.020 Client #2. Menu. Waiting for key pressed.
2019-10-21 15:04:43.404 Client #2. Menu. Pressed: '4' (code=52)
2019-10-21 15:04:43.436 Client #2. Missing file /root/credentials.json on the server's filesystem
2019-10-21 15:04:43.437 Client #2. EOF eu.sblendorio.bbs.core.CbmIOException: Missing file /root/credentials.json on the server's filesystem
2019-10-21 15:04:43.438 Client #2. STOP. Connection CLOSED.
2019-10-22 00:31:08.185 The BBS MenuRetroAcademy is running: port = 6400, timeout = 3600000 millis
2019-10-22 00:35:14.862 Client #1. New connection at Socket[addr=/76.67.125.109,port=53462,localport=6400]
2019-10-22 00:35:15.069 Client #1. Error retrieving GeoIP data: java.io.FileNotFoundException
2019-10-22 00:35:15.070 Client #1. Starting MenuRetroAcademy BBS / main menu
2019-10-22 00:35:15.073 Client #1. Menu. Waiting for key pressed.
2019-10-22 00:35:22.933 Client #1. Menu. Pressed: '1' (code=49)
2019-10-22 00:35:22.936 Client #1. Wordpress entering (https://www.wired.com)
2019-10-22 00:35:24.694 Client #1. Wordpress waiting for input
2019-10-22 00:35:51.116 Client #1. Wordpress waiting for input
2019-10-22 00:35:52.734 Client #1. Starting MenuRetroAcademy BBS / main menu
2019-10-22 00:35:52.738 Client #1. Menu. Waiting for key pressed.
2019-10-22 00:36:19.098 Client #1. Menu. Pressed: '2' (code=50)
2019-10-22 00:36:19.099 Client #1. Wordpress entering (http://homeawesomation.com)
2019-10-22 00:36:19.779 Client #1. Wordpress waiting for input
2019-10-22 00:36:26.293 Client #1. Wordpress waiting for input
2019-10-22 00:36:56.526 Client #1. Wordpress waiting for input
2019-10-22 00:36:59.017 Client #1. Starting MenuRetroAcademy BBS / main menu
2019-10-22 00:36:59.022 Client #1. Menu. Waiting for key pressed.
2019-10-22 00:38:25.690 Client #1. Menu. Pressed: '7' (code=55)
2019-10-22 00:38:25.691 Client #1. Wordpress entering (https://www.open.online)
Unauthorized
2019-10-22 00:38:26.264 Client #1. NullPointerException during launching of OpenOnline within MenuRetroAcademy. Launch interrupted. Stack trace:
java.lang.NullPointerException
	at eu.sblendorio.bbs.tenants.WordpressProxy.getPosts(WordpressProxy.java:166)
	at eu.sblendorio.bbs.tenants.WordpressProxy.listPosts(WordpressProxy.java:185)
	at eu.sblendorio.bbs.tenants.WordpressProxy.doLoop(WordpressProxy.java:70)
	at eu.sblendorio.bbs.core.PetsciiThread.launch(PetsciiThread.java:146)
	at eu.sblendorio.bbs.tenants.MenuRetroAcademy.doLoop(MenuRetroAcademy.java:135)
	at eu.sblendorio.bbs.core.PetsciiThread.run(PetsciiThread.java:120)
2019-10-22 00:38:26.265 Client #1. Starting MenuRetroAcademy BBS / main menu
2019-10-22 00:38:26.269 Client #1. Menu. Waiting for key pressed.
2019-10-22 00:38:27.930 Client #1. Menu. Pressed: '8' (code=56)
2019-10-22 00:38:27.931 Client #1. Wordpress entering (https://www.ilpost.it)
2019-10-22 00:38:28.096 Client #1. Wordpress waiting for input
2019-10-22 00:38:31.624 Client #1. Starting MenuRetroAcademy BBS / main menu
2019-10-22 00:38:31.628 Client #1. Menu. Waiting for key pressed.
2019-10-22 00:38:33.960 Client #1. Menu. Pressed: '4' (code=52)
2019-10-22 00:38:34.004 Client #1. Missing file /root/credentials.json on the server's filesystem
2019-10-22 00:38:34.004 Client #1. EOF eu.sblendorio.bbs.core.CbmIOException: Missing file /root/credentials.json on the server's filesystem
2019-10-22 00:38:34.005 Client #1. STOP. Connection CLOSED.
2019-10-22 00:38:36.075 Client #2. New connection at Socket[addr=/76.67.125.109,port=53536,localport=6400]
2019-10-22 00:38:36.276 Client #2. Error retrieving GeoIP data: java.io.FileNotFoundException
2019-10-22 00:38:36.276 Client #2. Starting MenuRetroAcademy BBS / main menu
2019-10-22 00:38:36.288 Client #2. Menu. Waiting for key pressed.
2019-10-22 00:39:51.450 Client #2. Menu. Pressed: '1' (code=49)
2019-10-22 00:39:51.451 Client #2. Wordpress entering (https://www.wired.com)
2019-10-22 00:39:51.525 Client #2. Wordpress waiting for input
2019-10-22 00:39:55.100 Client #2. Wordpress waiting for input
2019-10-22 00:40:09.783 Client #2. Wordpress waiting for input
2019-10-22 00:40:12.084 Client #2. Starting MenuRetroAcademy BBS / main menu
2019-10-22 00:40:12.086 Client #2. Menu. Waiting for key pressed.
2019-10-22 00:41:53.020 Client #2. Menu. Pressed: '.' (code=46)
2019-10-22 00:41:53.022 Client #2. STOP. Connection CLOSED.
2019-10-22 00:41:54.289 Client #3. New connection at Socket[addr=/76.67.125.109,port=53610,localport=6400]
2019-10-22 00:41:54.490 Client #3. Error retrieving GeoIP data: java.io.FileNotFoundException
2019-10-22 00:41:54.490 Client #3. Starting MenuRetroAcademy BBS / main menu
2019-10-22 00:41:54.492 Client #3. Menu. Waiting for key pressed.
2019-10-22 00:41:56.162 Client #3. Menu. Pressed: '.' (code=46)
2019-10-22 00:41:56.163 Client #3. STOP. Connection CLOSED.
2019-10-22 00:41:57.340 Client #4. New connection at Socket[addr=/76.67.125.109,port=53612,localport=6400]
2019-10-22 00:41:57.541 Client #4. Error retrieving GeoIP data: java.io.FileNotFoundException
2019-10-22 00:41:57.541 Client #4. Starting MenuRetroAcademy BBS / main menu
2019-10-22 00:41:57.542 Client #4. Menu. Waiting for key pressed.
2019-10-22 00:41:58.317 Client #4. Menu. Pressed: '.' (code=46)
2019-10-22 00:41:58.318 Client #4. STOP. Connection CLOSED.
2019-10-22 00:41:58.963 Client #5. New connection at Socket[addr=/76.67.125.109,port=53614,localport=6400]
2019-10-22 00:41:59.164 Client #5. Error retrieving GeoIP data: java.io.FileNotFoundException
2019-10-22 00:41:59.164 Client #5. Starting MenuRetroAcademy BBS / main menu
2019-10-22 00:41:59.165 Client #5. Menu. Waiting for key pressed.
2019-10-22 00:47:16.480 Client #5. Menu. Pressed: 'f' (code=102)
2019-10-22 00:47:25.932 Client #5. Starting MenuRetroAcademy BBS / main menu
2019-10-22 00:47:25.933 Client #5. Menu. Waiting for key pressed.
2019-10-22 00:50:23.662 Client #5. Menu. Pressed: '1' (code=49)
2019-10-22 00:50:23.671 Client #5. Wordpress entering (https://www.wired.com)
2019-10-22 00:50:23.817 Client #5. Wordpress waiting for input
2019-10-22 00:50:35.397 Client #5. Wordpress waiting for input
2019-10-22 00:50:37.305 Client #5. Wordpress waiting for input
2019-10-22 00:50:48.510 Client #5. Wordpress waiting for input
2019-10-22 00:52:28.445 Client #5. Wordpress waiting for input
2019-10-22 00:52:29.891 Client #5. Starting MenuRetroAcademy BBS / main menu
2019-10-22 00:52:29.893 Client #5. Menu. Waiting for key pressed.
2019-10-22 00:52:38.595 Client #5. Menu. Pressed: '2' (code=50)
2019-10-22 00:52:38.595 Client #5. Wordpress entering (http://homeawesomation.com)
2019-10-22 00:52:39.431 Client #5. Wordpress waiting for input
2019-10-22 00:53:03.228 Client #5. Wordpress waiting for input
2019-10-22 00:53:03.618 Client #5. Wordpress waiting for input
2019-10-22 00:53:04.766 Client #5. Starting MenuRetroAcademy BBS / main menu
2019-10-22 00:53:04.767 Client #5. Menu. Waiting for key pressed.
2019-10-22 00:53:10.797 Client #5. Menu. Pressed: 'l' (code=108)
2019-10-22 00:53:12.208 Client #5. Starting MenuRetroAcademy BBS / main menu
2019-10-22 00:53:12.209 Client #5. Menu. Waiting for key pressed.
2019-10-22 00:53:14.508 Client #5. Menu. Pressed: 't' (code=116)
2019-10-22 00:53:14.530 Client #5. Entered TelevideoRai
2019-10-22 00:53:17.284 Client #5. Televideo choice = 130 Economia
SLF4J: Failed to load class "org.slf4j.impl.StaticLoggerBinder".
SLF4J: Defaulting to no-operation (NOP) logger implementation
SLF4J: See http://www.slf4j.org/codes.html#StaticLoggerBinder for further details.
2019-10-22 00:53:29.481 Client #5. Televideo choice = 160 Culture
2019-10-22 00:53:33.984 Client #5. Televideo-EXIT
2019-10-22 00:53:33.984 Client #5. Starting MenuRetroAcademy BBS / main menu
2019-10-22 00:53:33.986 Client #5. Menu. Waiting for key pressed.
2019-10-22 00:53:41.974 Client #5. Menu. Pressed: 'd' (code=100)
2019-10-22 00:53:47.668 Client #5. CSDb waiting for input
2019-10-22 00:54:01.847 Client #5. CSDb waiting for input
2019-10-22 00:54:12.064 Client #5. Can't download https://csdb.dk/release/?id=117137
2019-10-22 00:54:22.783 Client #5. CSDb waiting for input
2019-10-22 00:57:19.735 Client #5. Starting MenuRetroAcademy BBS / main menu
2019-10-22 00:57:19.737 Client #5. Menu. Waiting for key pressed.
2019-10-22 00:57:22.969 Client #5. Menu. Pressed: 'm' (code=109)
Flushing input buffer: '\n', len = 1
2019-10-22 00:58:09.391 Client #5. Starting MenuRetroAcademy BBS / main menu
2019-10-22 00:58:09.392 Client #5. Menu. Waiting for key pressed.
2019-10-22 00:58:10.774 Client #5. Menu. Pressed: 'm' (code=109)
2019-10-22 00:58:20.988 Client #5. Starting MenuRetroAcademy BBS / main menu
2019-10-22 00:58:20.989 Client #5. Menu. Waiting for key pressed.
2019-10-22 00:58:22.627 Client #5. Menu. Pressed: '.' (code=46)
2019-10-22 00:58:22.628 Client #5. STOP. Connection CLOSED.
2019-10-22 00:58:23.752 Client #6. New connection at Socket[addr=/76.67.125.109,port=54053,localport=6400]
2019-10-22 00:58:23.953 Client #6. Error retrieving GeoIP data: java.io.FileNotFoundException
2019-10-22 00:58:23.953 Client #6. Starting MenuRetroAcademy BBS / main menu
2019-10-22 00:58:23.954 Client #6. Menu. Waiting for key pressed.
2019-10-22 00:58:25.706 Client #6. Menu. Pressed: 'm' (code=109)
Flushing input buffer: '\n', len = 1
Flushing input buffer: '\n', len = 1
Flushing input buffer: '\n', len = 1
2019-10-22 00:59:40.517 Client #6. Starting MenuRetroAcademy BBS / main menu
2019-10-22 00:59:40.519 Client #6. Menu. Waiting for key pressed.
2019-10-22 00:59:40.931 Client #6. Menu. Pressed: '.' (code=46)
2019-10-22 00:59:40.932 Client #6. STOP. Connection CLOSED.
2019-10-22 00:59:41.799 Client #7. New connection at Socket[addr=/76.67.125.109,port=54081,localport=6400]
2019-10-22 00:59:42.000 Client #7. Error retrieving GeoIP data: java.io.FileNotFoundException
2019-10-22 00:59:42.001 Client #7. Starting MenuRetroAcademy BBS / main menu
2019-10-22 00:59:42.007 Client #7. Menu. Waiting for key pressed.
2019-10-22 00:59:42.997 Client #7. Menu. Pressed: 'm' (code=109)
2019-10-22 00:59:43.252 Client #7. Starting MenuRetroAcademy BBS / main menu
2019-10-22 00:59:43.253 Client #7. Menu. Waiting for key pressed.
2019-10-22 00:59:43.898 Client #7. Menu. Pressed: 'm' (code=109)
2019-10-22 00:59:59.240 Client #7. Starting MenuRetroAcademy BBS / main menu
2019-10-22 00:59:59.241 Client #7. Menu. Waiting for key pressed.
2019-10-22 01:01:18.755 Client #7. Menu. Pressed: '1' (code=49)
2019-10-22 01:01:18.755 Client #7. Wordpress entering (https://www.wired.com)
2019-10-22 01:01:18.842 Client #7. Wordpress waiting for input
2019-10-22 01:01:21.386 Client #7. Wordpress waiting for input
2019-10-22 01:01:22.329 Client #7. Starting MenuRetroAcademy BBS / main menu
2019-10-22 01:01:22.330 Client #7. Menu. Waiting for key pressed.
2019-10-22 01:01:24.745 Client #7. Menu. Pressed: '2' (code=50)
2019-10-22 01:01:24.745 Client #7. Wordpress entering (http://homeawesomation.com)
2019-10-22 01:01:25.306 Client #7. Wordpress waiting for input
Flushing input buffer: '\r\n', len = 2
2019-10-22 01:01:30.592 Client #7. Starting MenuRetroAcademy BBS / main menu
2019-10-22 01:01:31.239 Client #7. Menu. Waiting for key pressed.
2019-10-22 01:01:33.085 Client #7. Menu. Pressed: ',' (code=44)
2019-10-22 01:01:33.085 Client #7. Menu. Waiting for key pressed.
2019-10-22 01:01:34.088 Client #7. Menu. Pressed: 'm' (code=109)
2019-10-22 01:01:37.022 Client #7. Starting MenuRetroAcademy BBS / main menu
2019-10-22 01:01:37.024 Client #7. Menu. Waiting for key pressed.
2019-10-22 01:01:37.574 Client #7. Menu. Pressed: ',' (code=44)
2019-10-22 01:01:37.574 Client #7. Menu. Waiting for key pressed.
2019-10-22 01:01:38.053 Client #7. Menu. Pressed: ',' (code=44)
2019-10-22 01:01:38.053 Client #7. Menu. Waiting for key pressed.
2019-10-22 01:01:38.238 Client #7. Menu. Pressed: 'm' (code=109)
2019-10-22 01:01:39.543 Client #7. Starting MenuRetroAcademy BBS / main menu
2019-10-22 01:01:39.545 Client #7. Menu. Waiting for key pressed.
2019-10-22 01:01:39.925 Client #7. Menu. Pressed: 'n' (code=110)
2019-10-22 01:01:39.925 Client #7. Menu. Waiting for key pressed.
2019-10-22 01:01:40.407 Client #7. Menu. Pressed: 'm' (code=109)
2019-10-22 01:01:45.985 Client #7. Starting MenuRetroAcademy BBS / main menu
2019-10-22 01:01:45.986 Client #7. Menu. Waiting for key pressed.
2019-10-22 01:04:13.544 Client #7. Menu. Pressed: 'm' (code=109)
2019-10-22 01:04:29.278 Client #7. Starting MenuRetroAcademy BBS / main menu
2019-10-22 01:04:29.279 Client #7. Menu. Waiting for key pressed.
2019-10-22 01:05:27.138 Client #7. Menu. Pressed: 'p' (code=112)
2019-10-22 01:05:28.955 Client #7. PETSCII (0) FILENAME=petscii-art-gallery/John Canady/06monster
2019-10-22 01:05:30.027 Client #7. PETSCII (1) FILENAME=petscii-art-gallery/John Canady/08picturedisk-6
2019-10-22 01:05:30.483 Client #7. PETSCII (2) FILENAME=petscii-art-gallery/John Canady/09vandalism
2019-10-22 01:05:30.851 Client #7. PETSCII (3) FILENAME=petscii-art-gallery/John Canady/11feedback
2019-10-22 01:05:31.354 Client #7. PETSCII (4) FILENAME=petscii-art-gallery/John Canady/11picturedisk-6
2019-10-22 01:05:32.018 Client #7. PETSCII (5) FILENAME=petscii-art-gallery/John Canady/12mailmenu
2019-10-22 01:05:32.562 Client #7. PETSCII (6) FILENAME=petscii-art-gallery/John Canady/13mainmenu
2019-10-22 01:05:33.099 Client #7. PETSCII (7) FILENAME=petscii-art-gallery/John Canady/13picturedisk-6
2019-10-22 01:05:33.627 Client #7. PETSCII (8) FILENAME=petscii-art-gallery/John Canady/15picturedisk-6
2019-10-22 01:05:34.314 Client #7. PETSCII (9) FILENAME=petscii-art-gallery/John Canady/19deadzone
2019-10-22 01:05:35.137 Client #7. PETSCII (10) FILENAME=petscii-art-gallery/John Canady/20statslogo
2019-10-22 01:05:35.841 Client #7. PETSCII (11) FILENAME=petscii-art-gallery/John Canady/23theend
2019-10-22 01:05:38.688 Client #7. PETSCII (12) FILENAME=petscii-art-gallery/John Canady/2min.tomdite
2019-10-22 01:05:41.528 Client #7. PETSCII (13) FILENAME=petscii-art-gallery/John Canady/3dpgfiles
2019-10-22 01:05:42.241 Client #7. PETSCII (14) FILENAME=petscii-art-gallery/John Canady/3ts.cg
2019-10-22 01:05:43.004 Client #7. PETSCII (15) FILENAME=petscii-art-gallery/John Canady/6title
2019-10-22 01:05:43.831 Client #7. PETSCII (16) FILENAME=petscii-art-gallery/John Canady/7-up
2019-10-22 01:05:44.337 Client #7. PETSCII (17) FILENAME=petscii-art-gallery/John Canady/aerosmith
2019-10-22 01:05:44.775 Client #7. PETSCII (18) FILENAME=petscii-art-gallery/John Canady/amongplus
2019-10-22 01:05:45.520 Client #7. PETSCII (19) FILENAME=petscii-art-gallery/John Canady/animal.cg
2019-10-22 01:05:46.400 Client #7. PETSCII (20) FILENAME=petscii-art-gallery/John Canady/anthrax
2019-10-22 01:05:46.863 Client #7. PETSCII (21) FILENAME=petscii-art-gallery/John Canady/apache
2019-10-22 01:05:47.528 Client #7. PETSCII (22) FILENAME=petscii-art-gallery/John Canady/army-ants
2019-10-22 01:05:48.175 Client #7. PETSCII (23) FILENAME=petscii-art-gallery/John Canady/art-gallery
2019-10-22 01:05:48.902 Client #7. PETSCII (24) FILENAME=petscii-art-gallery/John Canady/artists-sub
2019-10-22 01:05:49.608 Client #7. PETSCII (25) FILENAME=petscii-art-gallery/John Canady/att-rightchoice
2019-10-22 01:05:50.248 Client #7. PETSCII (26) FILENAME=petscii-art-gallery/John Canady/batman-2
2019-10-22 01:05:52.240 Client #7. PETSCII (27) FILENAME=petscii-art-gallery/John Canady/battleship
2019-10-22 01:05:53.111 Client #7. PETSCII (28) FILENAME=petscii-art-gallery/John Canady/bbs-tg
2019-10-22 01:05:53.991 Client #7. PETSCII (29) FILENAME=petscii-art-gallery/John Canady/beetle-bailey
2019-10-22 01:05:54.854 Client #7. PETSCII (30) FILENAME=petscii-art-gallery/John Canady/bigeyed-skull
2019-10-22 01:05:55.590 Client #7. PETSCII (31) FILENAME=petscii-art-gallery/John Canady/blackgenisis
2019-10-22 01:05:56.238 Client #7. PETSCII (32) FILENAME=petscii-art-gallery/John Canady/blu-girl
2019-10-22 01:06:02.509 Client #7. PETSCII (33) FILENAME=petscii-art-gallery/John Canady/boxes-in-space
2019-10-22 01:06:03.092 Client #7. PETSCII (34) FILENAME=petscii-art-gallery/John Canady/castle1
2019-10-22 01:06:03.820 Client #7. PETSCII (35) FILENAME=petscii-art-gallery/John Canady/cat
2019-10-22 01:06:04.667 Client #7. PETSCII (36) FILENAME=petscii-art-gallery/John Canady/cg.busy-sysop
2019-10-22 01:06:05.037 Client #7. PETSCII (37) FILENAME=petscii-art-gallery/John Canady/cg.knight
2019-10-22 01:06:05.658 Client #7. PETSCII (38) FILENAME=petscii-art-gallery/John Canady/cg.mage
2019-10-22 01:06:05.931 Client #7. PETSCII (39) FILENAME=petscii-art-gallery/John Canady/cg.mid-snack
2019-10-22 01:06:06.116 Client #7. PETSCII (40) FILENAME=petscii-art-gallery/John Canady/cg.no-leeches
2019-10-22 01:06:06.203 Client #7. PETSCII (41) FILENAME=petscii-art-gallery/John Canady/cg.robot
2019-10-22 01:06:06.597 Client #7. PETSCII (42) FILENAME=petscii-art-gallery/John Canady/cg.speedlimit-65
2019-10-22 01:06:06.811 Client #7. PETSCII (43) FILENAME=petscii-art-gallery/John Canady/cg.tank
2019-10-22 01:06:07.083 Client #7. PETSCII (44) FILENAME=petscii-art-gallery/John Canady/cg.tut
2019-10-22 01:06:07.477 Client #7. PETSCII (45) FILENAME=petscii-art-gallery/John Canady/cg.war-worlds
2019-10-22 01:06:07.788 Client #7. PETSCII (46) FILENAME=petscii-art-gallery/John Canady/cgm.space
2019-10-22 01:06:07.939 Client #7. PETSCII (47) FILENAME=petscii-art-gallery/John Canady/color-weave
2019-10-22 01:06:08.139 Client #7. PETSCII (48) FILENAME=petscii-art-gallery/John Canady/commie-keybd
2019-10-22 01:06:10.311 Client #7. PETSCII (0) FILENAME=petscii-art-gallery/Davide Fichera/baby-crying
2019-10-22 01:06:10.763 Client #7. PETSCII (1) FILENAME=petscii-art-gallery/Davide Fichera/magicportal
2019-10-22 01:06:11.050 Client #7. PETSCII (2) FILENAME=petscii-art-gallery/Davide Fichera/nightdriver
2019-10-22 01:06:11.275 Client #7. PETSCII (3) FILENAME=petscii-art-gallery/Davide Fichera/walkingdead
2019-10-22 01:06:12.917 Client #7. PETSCII (0) FILENAME=petscii-art-gallery/Francesco Sblendorio/01-barbascura-x.seq
2019-10-22 01:06:13.658 Client #7. PETSCII (1) FILENAME=petscii-art-gallery/Francesco Sblendorio/02-twin-peaks.seq
2019-10-22 01:06:15.692 Client #7. PETSCII (0) FILENAME=petscii-art-gallery/Markku Reunanen/calaveritas.seq
2019-10-22 01:06:16.098 Client #7. PETSCII (1) FILENAME=petscii-art-gallery/Markku Reunanen/luikero.seq
2019-10-22 01:06:16.298 Client #7. PETSCII (2) FILENAME=petscii-art-gallery/Markku Reunanen/pac-men.seq
2019-10-22 01:06:16.490 Client #7. PETSCII (3) FILENAME=petscii-art-gallery/Markku Reunanen/parekori.seq
2019-10-22 01:06:16.626 Client #7. PETSCII (4) FILENAME=petscii-art-gallery/Markku Reunanen/pasila-manhattan.seq
2019-10-22 01:06:16.842 Client #7. PETSCII (5) FILENAME=petscii-art-gallery/Markku Reunanen/posandeerit.seq
2019-10-22 01:06:17.026 Client #7. PETSCII (6) FILENAME=petscii-art-gallery/Markku Reunanen/ribbonman.seq
2019-10-22 01:06:17.266 Client #7. PETSCII (7) FILENAME=petscii-art-gallery/Markku Reunanen/riza.seq
2019-10-22 01:06:18.339 Client #7. PETSCII (0) FILENAME=petscii-art-gallery/Markku Reunanen/calaveritas.seq
2019-10-22 01:06:18.618 Client #7. PETSCII (1) FILENAME=petscii-art-gallery/Markku Reunanen/luikero.seq
2019-10-22 01:06:19.114 Client #7. PETSCII (2) FILENAME=petscii-art-gallery/Markku Reunanen/pac-men.seq
2019-10-22 01:06:24.792 Client #7. PETSCII (3) FILENAME=petscii-art-gallery/Markku Reunanen/parekori.seq
2019-10-22 01:06:25.017 Client #7. PETSCII (4) FILENAME=petscii-art-gallery/Markku Reunanen/pasila-manhattan.seq
2019-10-22 01:06:25.209 Client #7. PETSCII (5) FILENAME=petscii-art-gallery/Markku Reunanen/posandeerit.seq
2019-10-22 01:06:25.365 Client #7. PETSCII (6) FILENAME=petscii-art-gallery/Markku Reunanen/ribbonman.seq
2019-10-22 01:06:25.607 Client #7. PETSCII (7) FILENAME=petscii-art-gallery/Markku Reunanen/riza.seq
2019-10-22 01:06:26.503 Client #7. PETSCII (0) FILENAME=petscii-art-gallery/Markku Reunanen/calaveritas.seq
2019-10-22 01:06:26.952 Client #7. PETSCII (1) FILENAME=petscii-art-gallery/Markku Reunanen/luikero.seq
2019-10-22 01:06:52.438 Client #7. PETSCII (2) FILENAME=petscii-art-gallery/Markku Reunanen/pac-men.seq
2019-10-22 01:06:54.447 Client #7. PETSCII (3) FILENAME=petscii-art-gallery/Markku Reunanen/parekori.seq
2019-10-22 01:07:09.786 Client #7. PETSCII (4) FILENAME=petscii-art-gallery/Markku Reunanen/pasila-manhattan.seq
2019-10-22 01:07:12.350 Client #7. PETSCII (5) FILENAME=petscii-art-gallery/Markku Reunanen/posandeerit.seq
2019-10-22 01:07:14.311 Client #7. PETSCII (6) FILENAME=petscii-art-gallery/Markku Reunanen/ribbonman.seq
2019-10-22 01:07:16.263 Client #7. PETSCII (7) FILENAME=petscii-art-gallery/Markku Reunanen/riza.seq
2019-10-22 01:07:19.097 Client #7. PETSCII (0) FILENAME=petscii-art-gallery/Once Upon a Sprite/duomo
2019-10-22 01:07:20.694 Client #7. PETSCII (1) FILENAME=petscii-art-gallery/Once Upon a Sprite/ouas
2019-10-22 01:07:23.885 Client #7. PETSCII (0) FILENAME=petscii-art-gallery/John Canady/06monster
2019-10-22 01:07:24.094 Client #7. PETSCII (1) FILENAME=petscii-art-gallery/John Canady/08picturedisk-6
2019-10-22 01:07:25.110 Client #7. PETSCII (2) FILENAME=petscii-art-gallery/John Canady/09vandalism
2019-10-22 01:07:25.343 Client #7. PETSCII (3) FILENAME=petscii-art-gallery/John Canady/11feedback
2019-10-22 01:07:27.563 Client #7. PETSCII (0) FILENAME=petscii-art-gallery/John Canady/06monster
2019-10-22 01:07:28.821 Client #7. PETSCII (1) FILENAME=petscii-art-gallery/John Canady/08picturedisk-6
2019-10-22 01:07:29.336 Client #7. PETSCII (2) FILENAME=petscii-art-gallery/John Canady/09vandalism
2019-10-22 01:07:29.852 Client #7. PETSCII (3) FILENAME=petscii-art-gallery/John Canady/11feedback
2019-10-22 01:07:30.340 Client #7. PETSCII (4) FILENAME=petscii-art-gallery/John Canady/11picturedisk-6
2019-10-22 01:07:30.701 Client #7. PETSCII (5) FILENAME=petscii-art-gallery/John Canady/12mailmenu
2019-10-22 01:07:55.296 Client #7. PETSCII (6) FILENAME=petscii-art-gallery/John Canady/13mainmenu
2019-10-22 01:08:18.715 Client #7. PETSCII (7) FILENAME=petscii-art-gallery/John Canady/13picturedisk-6
2019-10-22 01:08:19.907 Client #7. PETSCII (8) FILENAME=petscii-art-gallery/John Canady/15picturedisk-6
2019-10-22 01:08:20.563 Client #7. PETSCII (9) FILENAME=petscii-art-gallery/John Canady/19deadzone
2019-10-22 01:08:21.345 Client #7. PETSCII (10) FILENAME=petscii-art-gallery/John Canady/20statslogo
2019-10-22 01:08:22.051 Client #7. PETSCII (11) FILENAME=petscii-art-gallery/John Canady/23theend
2019-10-22 01:08:23.612 Client #7. PETSCII (12) FILENAME=petscii-art-gallery/John Canady/2min.tomdite
2019-10-22 01:08:24.995 Client #7. PETSCII (13) FILENAME=petscii-art-gallery/John Canady/3dpgfiles
2019-10-22 01:08:25.649 Client #7. PETSCII (14) FILENAME=petscii-art-gallery/John Canady/3ts.cg
2019-10-22 01:08:26.459 Client #7. PETSCII (15) FILENAME=petscii-art-gallery/John Canady/6title
2019-10-22 01:08:27.098 Client #7. PETSCII (16) FILENAME=petscii-art-gallery/John Canady/7-up
2019-10-22 01:08:27.633 Client #7. PETSCII (17) FILENAME=petscii-art-gallery/John Canady/aerosmith
2019-10-22 01:08:28.161 Client #7. PETSCII (18) FILENAME=petscii-art-gallery/John Canady/amongplus
2019-10-22 01:08:28.720 Client #7. PETSCII (19) FILENAME=petscii-art-gallery/John Canady/animal.cg
2019-10-22 01:08:29.354 Client #7. PETSCII (20) FILENAME=petscii-art-gallery/John Canady/anthrax
2019-10-22 01:08:29.858 Client #7. PETSCII (21) FILENAME=petscii-art-gallery/John Canady/apache
2019-10-22 01:08:30.377 Client #7. PETSCII (22) FILENAME=petscii-art-gallery/John Canady/army-ants
2019-10-22 01:08:30.919 Client #7. PETSCII (23) FILENAME=petscii-art-gallery/John Canady/art-gallery
2019-10-22 01:08:31.473 Client #7. PETSCII (24) FILENAME=petscii-art-gallery/John Canady/artists-sub
2019-10-22 01:08:32.057 Client #7. PETSCII (25) FILENAME=petscii-art-gallery/John Canady/att-rightchoice
2019-10-22 01:08:32.849 Client #7. PETSCII (26) FILENAME=petscii-art-gallery/John Canady/batman-2
2019-10-22 01:08:34.944 Client #7. PETSCII (27) FILENAME=petscii-art-gallery/John Canady/battleship
2019-10-22 01:08:35.584 Client #7. PETSCII (28) FILENAME=petscii-art-gallery/John Canady/bbs-tg
2019-10-22 01:08:36.232 Client #7. PETSCII (29) FILENAME=petscii-art-gallery/John Canady/beetle-bailey
2019-10-22 01:08:37.022 Client #7. PETSCII (30) FILENAME=petscii-art-gallery/John Canady/bigeyed-skull
2019-10-22 01:08:38.248 Client #7. PETSCII (31) FILENAME=petscii-art-gallery/John Canady/blackgenisis
2019-10-22 01:08:39.351 Client #7. PETSCII (32) FILENAME=petscii-art-gallery/John Canady/blu-girl
2019-10-22 01:08:40.200 Client #7. PETSCII (33) FILENAME=petscii-art-gallery/John Canady/boxes-in-space
2019-10-22 01:08:40.857 Client #7. PETSCII (34) FILENAME=petscii-art-gallery/John Canady/castle1
2019-10-22 01:08:43.928 Client #7. PETSCII (35) FILENAME=petscii-art-gallery/John Canady/cat
2019-10-22 01:08:44.671 Client #7. PETSCII (36) FILENAME=petscii-art-gallery/John Canady/cg.busy-sysop
2019-10-22 01:08:58.188 Client #7. PETSCII (37) FILENAME=petscii-art-gallery/John Canady/cg.knight
2019-10-22 01:08:58.924 Client #7. PETSCII (38) FILENAME=petscii-art-gallery/John Canady/cg.mage
2019-10-22 01:08:59.764 Client #7. PETSCII (39) FILENAME=petscii-art-gallery/John Canady/cg.mid-snack
2019-10-22 01:09:00.452 Client #7. PETSCII (40) FILENAME=petscii-art-gallery/John Canady/cg.no-leeches
2019-10-22 01:09:02.092 Client #7. PETSCII (41) FILENAME=petscii-art-gallery/John Canady/cg.robot
2019-10-22 01:09:02.650 Client #7. PETSCII (42) FILENAME=petscii-art-gallery/John Canady/cg.speedlimit-65
2019-10-22 01:09:03.259 Client #7. PETSCII (43) FILENAME=petscii-art-gallery/John Canady/cg.tank
2019-10-22 01:09:03.810 Client #7. PETSCII (44) FILENAME=petscii-art-gallery/John Canady/cg.tut
2019-10-22 01:09:04.475 Client #7. PETSCII (45) FILENAME=petscii-art-gallery/John Canady/cg.war-worlds
2019-10-22 01:09:07.922 Client #7. PETSCII (46) FILENAME=petscii-art-gallery/John Canady/cgm.space
2019-10-22 01:09:10.299 Client #7. PETSCII (47) FILENAME=petscii-art-gallery/John Canady/color-weave
2019-10-22 01:09:11.001 Client #7. PETSCII (48) FILENAME=petscii-art-gallery/John Canady/commie-keybd
2019-10-22 01:09:11.674 Client #7. PETSCII (49) FILENAME=petscii-art-gallery/John Canady/commodore-system
2019-10-22 01:09:44.124 Client #7. PETSCII (50) FILENAME=petscii-art-gallery/John Canady/commodore128
2019-10-22 01:09:45.810 Client #7. PETSCII (51) FILENAME=petscii-art-gallery/John Canady/control-room-bbs
2019-10-22 01:09:49.867 Client #7. PETSCII (52) FILENAME=petscii-art-gallery/John Canady/daredevil
2019-10-22 01:09:50.531 Client #7. PETSCII (53) FILENAME=petscii-art-gallery/John Canady/death-sickle
2019-10-22 01:09:51.098 Client #7. PETSCII (54) FILENAME=petscii-art-gallery/John Canady/deb.front
2019-10-22 01:09:51.560 Client #7. PETSCII (55) FILENAME=petscii-art-gallery/John Canady/demon
2019-10-22 01:09:52.154 Client #7. PETSCII (56) FILENAME=petscii-art-gallery/John Canady/desert-scene
2019-10-22 01:09:52.761 Client #7. PETSCII (57) FILENAME=petscii-art-gallery/John Canady/dimensions
2019-10-22 01:09:53.435 Client #7. PETSCII (58) FILENAME=petscii-art-gallery/John Canady/disk-in-drive
2019-10-22 01:09:53.987 Client #7. PETSCII (59) FILENAME=petscii-art-gallery/John Canady/do-not-panic
2019-10-22 01:09:56.210 Client #7. PETSCII (60) FILENAME=petscii-art-gallery/John Canady/dragon-head
2019-10-22 01:09:56.961 Client #7. PETSCII (61) FILENAME=petscii-art-gallery/John Canady/dude
2019-10-22 01:09:57.713 Client #7. PETSCII (62) FILENAME=petscii-art-gallery/John Canady/electric-guitar
2019-10-22 01:09:58.297 Client #7. PETSCII (63) FILENAME=petscii-art-gallery/John Canady/end-freddie.cg
2019-10-22 01:09:59.232 Client #7. PETSCII (64) FILENAME=petscii-art-gallery/John Canady/enterprise
2019-10-22 01:10:00.432 Client #7. PETSCII (65) FILENAME=petscii-art-gallery/John Canady/express
2019-10-22 01:10:00.992 Client #7. PETSCII (66) FILENAME=petscii-art-gallery/John Canady/feel-the-power
2019-10-22 01:10:01.415 Client #7. PETSCII (67) FILENAME=petscii-art-gallery/John Canady/file-drawer
2019-10-22 01:10:01.777 Client #7. PETSCII (68) FILENAME=petscii-art-gallery/John Canady/firebreather
2019-10-22 01:10:03.463 Client #7. PETSCII (69) FILENAME=petscii-art-gallery/John Canady/firebreather2
2019-10-22 01:10:04.063 Client #7. PETSCII (70) FILENAME=petscii-art-gallery/John Canady/freddy
2019-10-22 01:10:04.686 Client #7. PETSCII (71) FILENAME=petscii-art-gallery/John Canady/freddy2
2019-10-22 01:10:05.416 Client #7. PETSCII (72) FILENAME=petscii-art-gallery/John Canady/friday-13th
2019-10-22 01:10:06.063 Client #7. PETSCII (73) FILENAME=petscii-art-gallery/John Canady/friday-the-13th
2019-10-22 01:10:06.624 Client #7. PETSCII (74) FILENAME=petscii-art-gallery/John Canady/frontal-view
2019-10-22 01:10:08.797 Client #7. PETSCII (75) FILENAME=petscii-art-gallery/John Canady/garfield3
2019-10-22 01:10:13.111 Client #7. PETSCII (76) FILENAME=petscii-art-gallery/John Canady/ghostbusters
2019-10-22 01:10:15.046 Client #7. PETSCII (77) FILENAME=petscii-art-gallery/John Canady/ghostbusters2
2019-10-22 01:10:16.157 Client #7. PETSCII (78) FILENAME=petscii-art-gallery/John Canady/ghoul-face1
2019-10-22 01:10:16.918 Client #7. PETSCII (79) FILENAME=petscii-art-gallery/John Canady/ghoul-face2
2019-10-22 01:10:17.630 Client #7. PETSCII (80) FILENAME=petscii-art-gallery/John Canady/gln
2019-10-22 01:10:18.837 Client #7. PETSCII (81) FILENAME=petscii-art-gallery/John Canady/godfather
2019-10-22 01:10:19.509 Client #7. PETSCII (82) FILENAME=petscii-art-gallery/John Canady/griffin
2019-10-22 01:10:20.157 Client #7. PETSCII (83) FILENAME=petscii-art-gallery/John Canady/halloween
2019-10-22 01:10:21.054 Client #7. PETSCII (84) FILENAME=petscii-art-gallery/John Canady/hologram
2019-10-22 01:10:22.069 Client #7. PETSCII (85) FILENAME=petscii-art-gallery/John Canady/holy-castle
2019-10-22 01:10:23.020 Client #7. PETSCII (86) FILENAME=petscii-art-gallery/John Canady/hot-tub-1
2019-10-22 01:10:23.587 Client #7. PETSCII (87) FILENAME=petscii-art-gallery/John Canady/i.l.c.cube
2019-10-22 01:11:15.083 Client #7. PETSCII (88) FILENAME=petscii-art-gallery/John Canady/in.living.gang
2019-10-22 01:11:15.141 Client #7. PETSCII (89) FILENAME=petscii-art-gallery/John Canady/jail.cg
Flushing input buffer: 'þ_', len = 2
2019-10-22 01:11:15.883 Client #7. PETSCII (90) FILENAME=petscii-art-gallery/John Canady/jessica-rabb
2019-10-22 01:11:16.803 Client #7. PETSCII (91) FILENAME=petscii-art-gallery/John Canady/jet-fighter
2019-10-22 01:11:17.762 Client #7. PETSCII (92) FILENAME=petscii-art-gallery/John Canady/joker
2019-10-22 01:11:18.482 Client #7. PETSCII (93) FILENAME=petscii-art-gallery/John Canady/joker-2
2019-10-22 01:11:19.236 Client #7. PETSCII (94) FILENAME=petscii-art-gallery/John Canady/jungle-girl
2019-10-22 01:11:20.018 Client #7. PETSCII (95) FILENAME=petscii-art-gallery/John Canady/living-color.1
2019-10-22 01:11:20.706 Client #7. PETSCII (96) FILENAME=petscii-art-gallery/John Canady/lost-planet
2019-10-22 01:11:21.784 Client #7. PETSCII (97) FILENAME=petscii-art-gallery/John Canady/luckys-used-equi
2019-10-22 01:11:22.417 Client #7. PETSCII (98) FILENAME=petscii-art-gallery/John Canady/mage
2019-10-22 01:11:23.114 Client #7. PETSCII (99) FILENAME=petscii-art-gallery/John Canady/man
2019-10-22 01:11:23.800 Client #7. PETSCII (100) FILENAME=petscii-art-gallery/John Canady/marge
2019-10-22 01:11:24.473 Client #7. PETSCII (101) FILENAME=petscii-art-gallery/John Canady/marlboro
2019-10-22 01:11:27.377 Client #7. PETSCII (102) FILENAME=petscii-art-gallery/John Canady/midsnack
2019-10-22 01:11:28.752 Client #7. PETSCII (103) FILENAME=petscii-art-gallery/John Canady/mirror
2019-10-22 01:11:29.411 Client #7. PETSCII (104) FILENAME=petscii-art-gallery/John Canady/neg.hemispheres
2019-10-22 01:11:30.271 Client #7. PETSCII (105) FILENAME=petscii-art-gallery/John Canady/new-age-bbs
2019-10-22 01:11:30.975 Client #7. PETSCII (106) FILENAME=petscii-art-gallery/John Canady/nike-boxer
2019-10-22 01:11:31.728 Client #7. PETSCII (107) FILENAME=petscii-art-gallery/John Canady/ninja
2019-10-22 01:11:32.328 Client #7. PETSCII (108) FILENAME=petscii-art-gallery/John Canady/nude.cg
2019-10-22 01:11:33.911 Client #7. PETSCII (109) FILENAME=petscii-art-gallery/John Canady/paintbrush
2019-10-22 01:11:34.887 Client #7. PETSCII (110) FILENAME=petscii-art-gallery/John Canady/pierced-heart
2019-10-22 01:11:35.953 Client #7. PETSCII (111) FILENAME=petscii-art-gallery/John Canady/pink-panther
2019-10-22 01:11:37.928 Client #7. PETSCII (112) FILENAME=petscii-art-gallery/John Canady/police
2019-10-22 01:14:52.220 Client #7. PETSCII (113) FILENAME=petscii-art-gallery/John Canady/rabbit
2019-10-22 01:14:53.267 Client #7. PETSCII (114) FILENAME=petscii-art-gallery/John Canady/robocop
2019-10-22 01:14:54.050 Client #7. PETSCII (115) FILENAME=petscii-art-gallery/John Canady/robocop-face
2019-10-22 01:14:54.777 Client #7. PETSCII (116) FILENAME=petscii-art-gallery/John Canady/roger
2019-10-22 01:14:55.746 Client #7. PETSCII (117) FILENAME=petscii-art-gallery/John Canady/sax
2019-10-22 01:14:56.377 Client #7. PETSCII (118) FILENAME=petscii-art-gallery/John Canady/shadow-in-screen
2019-10-22 01:14:56.945 Client #7. PETSCII (119) FILENAME=petscii-art-gallery/John Canady/skull
2019-10-22 01:14:57.584 Client #7. PETSCII (120) FILENAME=petscii-art-gallery/John Canady/skulls
2019-10-22 01:14:58.169 Client #7. PETSCII (121) FILENAME=petscii-art-gallery/John Canady/snoopys-doghouse
2019-10-22 01:14:58.943 Client #7. PETSCII (122) FILENAME=petscii-art-gallery/John Canady/space-crosshairs
2019-10-22 01:15:01.489 Client #7. PETSCII (123) FILENAME=petscii-art-gallery/John Canady/space-shuttle
2019-10-22 01:15:02.105 Client #7. PETSCII (124) FILENAME=petscii-art-gallery/John Canady/space.movie
2019-10-22 01:15:02.737 Client #7. PETSCII (125) FILENAME=petscii-art-gallery/John Canady/spaceship-firing
2019-10-22 01:15:03.479 Client #7. PETSCII (126) FILENAME=petscii-art-gallery/John Canady/spacestationbbs
2019-10-22 01:15:04.135 Client #7. PETSCII (127) FILENAME=petscii-art-gallery/John Canady/speed-limit-65
2019-10-22 01:15:04.672 Client #7. PETSCII (128) FILENAME=petscii-art-gallery/John Canady/spitty.cg
2019-10-22 01:15:05.137 Client #7. PETSCII (129) FILENAME=petscii-art-gallery/John Canady/star-trek-movie1
2019-10-22 01:15:05.561 Client #7. PETSCII (130) FILENAME=petscii-art-gallery/John Canady/star-trek-movie2
2019-10-22 01:15:06.289 Client #7. PETSCII (131) FILENAME=petscii-art-gallery/John Canady/str-wrs-trench
2019-10-22 01:15:06.880 Client #7. PETSCII (132) FILENAME=petscii-art-gallery/John Canady/sunset1
2019-10-22 01:15:08.975 Client #7. Starting MenuRetroAcademy BBS / main menu
2019-10-22 01:15:08.977 Client #7. Menu. Waiting for key pressed.
2019-10-22 01:15:25.820 Client #7. Menu. Pressed: '2' (code=50)
2019-10-22 01:15:25.821 Client #7. Wordpress entering (http://homeawesomation.com)
2019-10-22 01:15:26.578 Client #7. Wordpress waiting for input
2019-10-22 01:15:28.642 Client #7. Starting MenuRetroAcademy BBS / main menu
2019-10-22 01:15:28.645 Client #7. Menu. Waiting for key pressed.
2019-10-22 01:15:30.452 Client #7. Menu. Pressed: 'd' (code=100)
2019-10-22 01:15:36.891 Client #7. CSDb waiting for input
2019-10-22 01:15:46.825 Client #7. CSDb waiting for input
Flushing input buffer: '\n', len = 1
2019-10-22 01:15:49.981 Client #7. CSDb waiting for input
Flushing input buffer: '\n', len = 1
2019-10-22 01:15:53.341 Client #7. CSDb waiting for input
2019-10-22 01:15:56.620 Client #7. Starting MenuRetroAcademy BBS / main menu
2019-10-22 01:15:56.622 Client #7. Menu. Waiting for key pressed.
2019-10-22 01:16:06.309 Client #7. Menu. Pressed: 'p' (code=112)
2019-10-22 01:16:08.074 Client #7. PETSCII (0) FILENAME=petscii-art-gallery/Markku Reunanen/calaveritas.seq
2019-10-22 01:16:08.949 Client #7. PETSCII (1) FILENAME=petscii-art-gallery/Markku Reunanen/luikero.seq
2019-10-22 01:16:09.411 Client #7. PETSCII (2) FILENAME=petscii-art-gallery/Markku Reunanen/pac-men.seq
2019-10-22 01:16:13.828 Client #7. Starting MenuRetroAcademy BBS / main menu
2019-10-22 01:16:13.829 Client #7. Menu. Waiting for key pressed.
2019-10-22 01:25:15.798 Client #7. Menu. Pressed: 'm' (code=109)
Flushing input buffer: '\n', len = 1
Flushing input buffer: '\n', len = 1
Flushing input buffer: '\n', len = 1
2019-10-22 01:25:40.985 Client #7. Starting MenuRetroAcademy BBS / main menu
2019-10-22 01:25:40.986 Client #7. Menu. Waiting for key pressed.
2019-10-22 01:25:42.040 Client #7. Menu. Pressed: ',' (code=44)
2019-10-22 01:25:42.041 Client #7. Menu. Waiting for key pressed.
2019-10-22 01:25:42.754 Client #7. Menu. Pressed: '.' (code=46)
2019-10-22 01:25:42.756 Client #7. STOP. Connection CLOSED.
2019-10-22 01:25:43.687 Client #8. New connection at Socket[addr=/76.67.125.109,port=54677,localport=6400]
2019-10-22 01:25:43.890 Client #8. Error retrieving GeoIP data: java.io.FileNotFoundException
2019-10-22 01:25:43.890 Client #8. Starting MenuRetroAcademy BBS / main menu
2019-10-22 01:25:43.891 Client #8. Menu. Waiting for key pressed.
2019-10-22 01:25:45.159 Client #8. Menu. Pressed: 'm' (code=109)
2019-10-22 01:26:10.404 Client #8. Starting MenuRetroAcademy BBS / main menu
2019-10-22 01:26:10.405 Client #8. Menu. Waiting for key pressed.
2019-10-22 01:26:10.847 Client #8. Menu. Pressed: '.' (code=46)
2019-10-22 01:26:10.850 Client #8. STOP. Connection CLOSED.
2019-10-22 01:26:11.865 Client #9. New connection at Socket[addr=/76.67.125.109,port=54690,localport=6400]
2019-10-22 01:26:12.068 Client #9. Error retrieving GeoIP data: java.io.FileNotFoundException
2019-10-22 01:26:12.068 Client #9. Starting MenuRetroAcademy BBS / main menu
2019-10-22 01:26:12.070 Client #9. Menu. Waiting for key pressed.
2019-10-22 01:38:51.188 Client #9. BROKEN PIPE java.net.SocketException: Connection reset
2019-10-22 01:38:51.193 Client #9. STOP. Connection CLOSED.
2019-10-22 11:16:53.598 Client #10. New connection at Socket[addr=/208.79.61.232,port=24805,localport=6400]
2019-10-22 11:16:53.814 Client #10. Error retrieving GeoIP data: java.io.FileNotFoundException
2019-10-22 11:16:53.815 Client #10. Starting MenuRetroAcademy BBS / main menu
2019-10-22 11:16:53.816 Client #10. Menu. Waiting for key pressed.
2019-10-22 11:16:54.912 Client #10. Menu. Pressed: 'chr(10)' (code=10)
2019-10-22 11:16:54.912 Client #10. Menu. Waiting for key pressed.
2019-10-22 11:16:55.285 Client #10. Menu. Pressed: 'chr(10)' (code=10)
2019-10-22 11:16:55.285 Client #10. Menu. Waiting for key pressed.
2019-10-22 11:16:58.740 Client #10. Menu. Pressed: '' (code=29)
2019-10-22 11:16:58.740 Client #10. Menu. Waiting for key pressed.
Flushing input buffer: '\n', len = 1
2019-10-22 11:16:59.612 Client #10. Menu. Pressed: '' (code=29)
2019-10-22 11:16:59.612 Client #10. Menu. Waiting for key pressed.
Flushing input buffer: '\n', len = 1
2019-10-22 11:16:59.942 Client #10. EOF eu.sblendorio.bbs.core.CbmIOException: CbmInputOutput::readKey()
2019-10-22 11:16:59.945 Client #10. STOP. Connection CLOSED.
2019-10-22 12:26:34.608 Client #11. New connection at Socket[addr=/208.79.61.232,port=57564,localport=6400]
2019-10-22 12:26:34.829 Client #11. Error retrieving GeoIP data: java.io.FileNotFoundException
2019-10-22 12:26:34.830 Client #11. Starting MenuRetroAcademy BBS / main menu
2019-10-22 12:26:34.832 Client #11. Menu. Waiting for key pressed.
2019-10-22 12:36:34.632 Client #11. Menu. Pressed: '.' (code=46)
2019-10-22 12:36:34.643 Client #11. STOP. Connection CLOSED.
2019-10-22 12:37:52.651 Client #12. New connection at Socket[addr=/208.79.61.232,port=57879,localport=6400]
2019-10-22 12:37:52.856 Client #12. Error retrieving GeoIP data: java.io.FileNotFoundException
2019-10-22 12:37:52.857 Client #12. Starting MenuRetroAcademy BBS / main menu
2019-10-22 12:37:52.858 Client #12. Menu. Waiting for key pressed.
2019-10-22 12:38:03.824 Client #12. Menu. Pressed: '.' (code=46)
2019-10-22 12:38:03.828 Client #12. STOP. Connection CLOSED.
2019-10-22 12:38:14.646 Client #13. New connection at Socket[addr=/151.82.170.243,port=55792,localport=6400]
2019-10-22 12:38:14.849 Client #13. Error retrieving GeoIP data: java.io.FileNotFoundException
2019-10-22 12:38:14.849 Client #13. Starting MenuRetroAcademy BBS / main menu
2019-10-22 12:38:14.850 Client #13. Menu. Waiting for key pressed.
2019-10-22 12:38:29.068 Client #13. Menu. Pressed: 'a' (code=97)
2019-10-22 12:38:35.826 Client #13. Starting MenuRetroAcademy BBS / main menu
2019-10-22 12:38:35.827 Client #13. Menu. Waiting for key pressed.
2019-10-22 12:38:42.385 Client #13. Menu. Pressed: '1' (code=49)
2019-10-22 12:38:42.385 Client #13. Wordpress entering (https://www.wired.com)
2019-10-22 12:38:43.280 Client #13. Wordpress waiting for input
2019-10-22 12:38:50.307 Client #13. Starting MenuRetroAcademy BBS / main menu
2019-10-22 12:38:50.308 Client #13. Menu. Waiting for key pressed.
2019-10-22 12:38:54.903 Client #14. New connection at Socket[addr=/208.79.61.232,port=57898,localport=6400]
2019-10-22 12:38:55.110 Client #14. Error retrieving GeoIP data: java.io.FileNotFoundException
2019-10-22 12:38:55.111 Client #14. Starting MenuRetroAcademy BBS / main menu
2019-10-22 12:38:55.112 Client #14. Menu. Waiting for key pressed.
2019-10-22 12:38:56.455 Client #13. Menu. Pressed: '3' (code=51)
2019-10-22 12:38:56.456 Client #13. Wordpress entering (http://daggasoft.wordpress.com)
Not Found
2019-10-22 12:38:56.715 Client #13. NullPointerException during launching of Daggasoft within MenuRetroAcademy. Launch interrupted. Stack trace:
java.lang.NullPointerException
	at eu.sblendorio.bbs.tenants.WordpressProxy.getPosts(WordpressProxy.java:166)
	at eu.sblendorio.bbs.tenants.WordpressProxy.listPosts(WordpressProxy.java:185)
	at eu.sblendorio.bbs.tenants.WordpressProxy.doLoop(WordpressProxy.java:70)
	at eu.sblendorio.bbs.core.PetsciiThread.launch(PetsciiThread.java:146)
	at eu.sblendorio.bbs.tenants.MenuRetroAcademy.doLoop(MenuRetroAcademy.java:129)
	at eu.sblendorio.bbs.core.PetsciiThread.run(PetsciiThread.java:120)
2019-10-22 12:38:56.716 Client #13. Starting MenuRetroAcademy BBS / main menu
2019-10-22 12:38:56.717 Client #13. Menu. Waiting for key pressed.
2019-10-22 12:39:00.009 Client #13. Menu. Pressed: '3' (code=51)
2019-10-22 12:39:00.009 Client #13. Wordpress entering (http://daggasoft.wordpress.com)
Not Found
2019-10-22 12:39:00.204 Client #13. NullPointerException during launching of Daggasoft within MenuRetroAcademy. Launch interrupted. Stack trace:
java.lang.NullPointerException
	at eu.sblendorio.bbs.tenants.WordpressProxy.getPosts(WordpressProxy.java:166)
	at eu.sblendorio.bbs.tenants.WordpressProxy.listPosts(WordpressProxy.java:185)
	at eu.sblendorio.bbs.tenants.WordpressProxy.doLoop(WordpressProxy.java:70)
	at eu.sblendorio.bbs.core.PetsciiThread.launch(PetsciiThread.java:146)
	at eu.sblendorio.bbs.tenants.MenuRetroAcademy.doLoop(MenuRetroAcademy.java:129)
	at eu.sblendorio.bbs.core.PetsciiThread.run(PetsciiThread.java:120)
2019-10-22 12:39:00.204 Client #13. Starting MenuRetroAcademy BBS / main menu
2019-10-22 12:39:00.205 Client #13. Menu. Waiting for key pressed.
2019-10-22 12:39:04.224 Client #13. Menu. Pressed: '3' (code=51)
2019-10-22 12:39:04.224 Client #13. Wordpress entering (http://daggasoft.wordpress.com)
Not Found
2019-10-22 12:39:04.428 Client #13. NullPointerException during launching of Daggasoft within MenuRetroAcademy. Launch interrupted. Stack trace:
java.lang.NullPointerException
	at eu.sblendorio.bbs.tenants.WordpressProxy.getPosts(WordpressProxy.java:166)
	at eu.sblendorio.bbs.tenants.WordpressProxy.listPosts(WordpressProxy.java:185)
	at eu.sblendorio.bbs.tenants.WordpressProxy.doLoop(WordpressProxy.java:70)
	at eu.sblendorio.bbs.core.PetsciiThread.launch(PetsciiThread.java:146)
	at eu.sblendorio.bbs.tenants.MenuRetroAcademy.doLoop(MenuRetroAcademy.java:129)
	at eu.sblendorio.bbs.core.PetsciiThread.run(PetsciiThread.java:120)
2019-10-22 12:39:04.428 Client #13. Starting MenuRetroAcademy BBS / main menu
2019-10-22 12:39:04.429 Client #13. Menu. Waiting for key pressed.
2019-10-22 12:39:07.904 Client #13. Menu. Pressed: '4' (code=52)
2019-10-22 12:39:07.905 Client #13. Missing file /root/credentials.json on the server's filesystem
2019-10-22 12:39:07.906 Client #13. EOF eu.sblendorio.bbs.core.CbmIOException: Missing file /root/credentials.json on the server's filesystem
2019-10-22 12:39:07.907 Client #13. STOP. Connection CLOSED.
2019-10-22 12:39:16.477 Client #15. New connection at Socket[addr=/151.82.170.243,port=55797,localport=6400]
2019-10-22 12:39:16.680 Client #15. Error retrieving GeoIP data: java.io.FileNotFoundException
2019-10-22 12:39:16.680 Client #15. Starting MenuRetroAcademy BBS / main menu
2019-10-22 12:39:16.681 Client #15. Menu. Waiting for key pressed.
2019-10-22 12:39:23.177 Client #15. Menu. Pressed: 'p' (code=112)
2019-10-22 12:39:32.625 Client #15. EOF eu.sblendorio.bbs.core.CbmIOException: CbmInputOutput::readKey()
2019-10-22 12:39:32.627 Client #15. STOP. Connection CLOSED.
2019-10-22 12:40:58.374 Client #14. Menu. Pressed: '.' (code=46)
2019-10-22 12:40:58.376 Client #14. STOP. Connection CLOSED.
2019-10-22 13:13:47.897 The BBS MenuRetroAcademy is running: port = 6400, timeout = 3600000 millis
Exception in thread "main" java.net.BindException: Address already in use (Bind failed)
	at java.net.PlainSocketImpl.socketBind(Native Method)
	at java.net.AbstractPlainSocketImpl.bind(AbstractPlainSocketImpl.java:376)
	at java.net.ServerSocket.bind(ServerSocket.java:375)
	at java.net.ServerSocket.<init>(ServerSocket.java:237)
	at java.net.ServerSocket.<init>(ServerSocket.java:128)
	at eu.sblendorio.bbs.core.BBServer.main(BBServer.java:25)
2019-10-22 13:18:29.405 Client #1. New connection at Socket[addr=/208.79.61.232,port=58789,localport=6400]
2019-10-22 13:18:29.611 Client #1. Error retrieving GeoIP data: java.io.FileNotFoundException
2019-10-22 13:18:29.611 Client #1. Starting MenuRetroAcademy BBS / main menu
2019-10-22 13:18:29.616 Client #1. Menu. Waiting for key pressed.
2019-10-22 13:22:41.893 Client #1. Menu. Pressed: '4' (code=52)
2019-10-22 13:22:41.931 Client #1. Missing file /root/credentials.json on the server's filesystem
2019-10-22 13:22:41.933 Client #1. EOF eu.sblendorio.bbs.core.CbmIOException: Missing file /root/credentials.json on the server's filesystem
2019-10-22 13:22:41.934 Client #1. STOP. Connection CLOSED.
2019-10-22 13:22:44.632 Client #2. New connection at Socket[addr=/208.79.61.232,port=58947,localport=6400]
2019-10-22 13:22:44.833 Client #2. Error retrieving GeoIP data: java.io.FileNotFoundException
2019-10-22 13:22:44.834 Client #2. Starting MenuRetroAcademy BBS / main menu
2019-10-22 13:22:44.837 Client #2. Menu. Waiting for key pressed.
2019-10-22 13:22:45.850 Client #2. Menu. Pressed: 'chr(13)' (code=13)
2019-10-22 13:22:45.850 Client #2. Menu. Waiting for key pressed.
Flushing input buffer: '\n', len = 1
2019-10-22 13:22:46.654 Client #2. Menu. Pressed: '.' (code=46)
2019-10-22 13:22:46.655 Client #2. STOP. Connection CLOSED.
2019-10-22 13:48:31.438 The BBS MenuRetroAcademy is running: port = 6400, timeout = 3600000 millis
2019-10-22 13:51:19.968 Client #1. New connection at Socket[addr=/208.79.61.232,port=61117,localport=6400]
2019-10-22 13:51:20.186 Client #1. Error retrieving GeoIP data: java.io.FileNotFoundException
2019-10-22 13:51:20.186 Client #1. Starting MenuRetroAcademy BBS / main menu
2019-10-22 13:51:20.195 Client #1. Menu. Waiting for key pressed.
2019-10-22 13:51:23.570 Client #1. Menu. Pressed: 'o' (code=111)
2019-10-22 13:51:26.211 Client #1. Starting MenuRetroAcademy BBS / main menu
2019-10-22 13:51:26.217 Client #1. Menu. Waiting for key pressed.
2019-10-22 13:51:31.335 Client #1. Menu. Pressed: 'k' (code=107)
2019-10-22 13:51:33.041 Client #1. Starting MenuRetroAcademy BBS / main menu
2019-10-22 13:51:33.045 Client #1. Menu. Waiting for key pressed.
2019-10-22 13:51:35.128 Client #1. Menu. Pressed: 'd' (code=100)
2019-10-22 13:51:36.250 Client #1. Starting MenuRetroAcademy BBS / main menu
2019-10-22 13:51:36.254 Client #1. Menu. Waiting for key pressed.
2019-10-22 13:51:39.759 Client #1. Menu. Pressed: '.' (code=46)
2019-10-22 13:51:39.761 Client #1. STOP. Connection CLOSED.
2019-10-22 15:44:35.956 The BBS MenuRetroAcademy is running: port = 6400, timeout = 3600000 millis
2019-10-22 16:04:23.439 Client #1. New connection at Socket[addr=/208.79.61.232,port=49512,localport=6400]
2019-10-22 16:04:23.658 Client #1. Error retrieving GeoIP data: java.io.FileNotFoundException
2019-10-22 16:04:23.658 Client #1. Starting MenuRetroAcademy BBS / main menu
2019-10-22 16:04:23.665 Client #1. Menu. Waiting for key pressed.
2019-10-22 16:04:25.468 Client #1. Menu. Pressed: 'm' (code=109)
2019-10-22 16:04:28.354 Client #1. Starting MenuRetroAcademy BBS / main menu
2019-10-22 16:04:28.358 Client #1. Menu. Waiting for key pressed.
2019-10-22 16:04:30.684 Client #1. Menu. Pressed: '.' (code=46)
2019-10-22 16:04:30.686 Client #1. STOP. Connection CLOSED.
